

Microchip MPLAB XC8 Assembler V2.20 build 20200408173844 
                                                                                               Wed Feb 24 23:02:26 2021

Microchip MPLAB XC8 C Compiler v2.20 (Free license) build 20200408173844 Og1 
     1                           	processor	16F887
     2                           	pagewidth 120
     3                           	opt	flic
     4                           	psect	cinit,global,class=CODE,merge=1,delta=2
     5                           	psect	bssCOMMON,global,class=COMMON,space=1,delta=1,noexec
     6                           	psect	bssBANK0,global,class=BANK0,space=1,delta=1,noexec
     7                           	psect	cstackCOMMON,global,class=COMMON,space=1,delta=1,noexec
     8                           	psect	cstackBANK0,global,class=BANK0,space=1,delta=1,noexec
     9                           	psect	maintext,global,class=CODE,split=1,delta=2
    10                           	psect	text1,local,class=CODE,merge=1,delta=2
    11                           	psect	text2,local,class=CODE,merge=1,delta=2
    12                           	psect	text3,local,class=CODE,merge=1,delta=2
    13                           	psect	text4,local,class=CODE,merge=1,delta=2
    14                           	psect	intentry,global,class=CODE,delta=2
    15                           	psect	config,global,abs,ovrld,class=CONFIG,space=4,delta=2,noexec
    16                           	dabs	1,0x7E,2
    17  0000                     
    18                           ; Version 2.20
    19                           ; Generated 12/02/2020 GMT
    20                           ; 
    21                           ; Copyright © 2020, Microchip Technology Inc. and its subsidiaries ("Microchip")
    22                           ; All rights reserved.
    23                           ; 
    24                           ; This software is developed by Microchip Technology Inc. and its subsidiaries ("Microch
      +                          ip").
    25                           ; 
    26                           ; Redistribution and use in source and binary forms, with or without modification, are
    27                           ; permitted provided that the following conditions are met:
    28                           ; 
    29                           ;     1. Redistributions of source code must retain the above copyright notice, this lis
      +                          t of
    30                           ;        conditions and the following disclaimer.
    31                           ; 
    32                           ;     2. Redistributions in binary form must reproduce the above copyright notice, this 
      +                          list
    33                           ;        of conditions and the following disclaimer in the documentation and/or other
    34                           ;        materials provided with the distribution.
    35                           ; 
    36                           ;     3. Microchip's name may not be used to endorse or promote products derived from th
      +                          is
    37                           ;        software without specific prior written permission.
    38                           ; 
    39                           ; THIS SOFTWARE IS PROVIDED BY MICROCHIP "AS IS" AND ANY EXPRESS OR IMPLIED WARRANTIES,
    40                           ; INCLUDING, BUT NOT LIMITED TO, THE IMPLIED WARRANTIES OF MERCHANTABILITY AND FITNESS F
      +                          OR
    41                           ; PURPOSE ARE DISCLAIMED.  IN NO EVENT SHALL MICROCHIP BE LIABLE FOR ANY DIRECT, INDIREC
      +                          T,
    42                           ; INCIDENTAL, SPECIAL, EXEMPLARY, OR CONSEQUENTIAL DAMAGES (INCLUDING BUT NOT LIMITED TO
    43                           ; PROCUREMENT OF SUBSTITUTE GOODS OR SERVICES; LOSS OF USE, DATA OR PROFITS; OR BUSINESS
    44                           ; INTERRUPTION) HOWSOEVER CAUSED AND ON ANY THEORY OF LIABILITY, WHETHER IN CONTRACT, ST
      +                          RICT
    45                           ; LIABILITY, OR TORT (INCLUDING NEGLIGENCE OR OTHERWISE) ARISING IN ANY WAY OUT OF THE U
      +                          SE OF
    46                           ; THIS SOFTWARE, EVEN IF ADVISED OF THE POSSIBILITY OF SUCH DAMAGE.
    47                           ; 
    48                           ; 
    49                           ; Code-generator required, PIC16F887 Definitions
    50                           ; 
    51                           ; SFR Addresses
    52  0000                     	;# 
    53  0001                     	;# 
    54  0002                     	;# 
    55  0003                     	;# 
    56  0004                     	;# 
    57  0005                     	;# 
    58  0006                     	;# 
    59  0007                     	;# 
    60  0008                     	;# 
    61  0009                     	;# 
    62  000A                     	;# 
    63  000B                     	;# 
    64  000C                     	;# 
    65  000D                     	;# 
    66  000E                     	;# 
    67  000E                     	;# 
    68  000F                     	;# 
    69  0010                     	;# 
    70  0011                     	;# 
    71  0012                     	;# 
    72  0013                     	;# 
    73  0014                     	;# 
    74  0015                     	;# 
    75  0015                     	;# 
    76  0016                     	;# 
    77  0017                     	;# 
    78  0018                     	;# 
    79  0019                     	;# 
    80  001A                     	;# 
    81  001B                     	;# 
    82  001B                     	;# 
    83  001C                     	;# 
    84  001D                     	;# 
    85  001E                     	;# 
    86  001F                     	;# 
    87  0081                     	;# 
    88  0085                     	;# 
    89  0086                     	;# 
    90  0087                     	;# 
    91  0088                     	;# 
    92  0089                     	;# 
    93  008C                     	;# 
    94  008D                     	;# 
    95  008E                     	;# 
    96  008F                     	;# 
    97  0090                     	;# 
    98  0091                     	;# 
    99  0092                     	;# 
   100  0093                     	;# 
   101  0093                     	;# 
   102  0093                     	;# 
   103  0094                     	;# 
   104  0095                     	;# 
   105  0096                     	;# 
   106  0097                     	;# 
   107  0098                     	;# 
   108  0099                     	;# 
   109  009A                     	;# 
   110  009B                     	;# 
   111  009C                     	;# 
   112  009D                     	;# 
   113  009E                     	;# 
   114  009F                     	;# 
   115  0105                     	;# 
   116  0107                     	;# 
   117  0108                     	;# 
   118  0109                     	;# 
   119  010C                     	;# 
   120  010C                     	;# 
   121  010D                     	;# 
   122  010E                     	;# 
   123  010F                     	;# 
   124  0185                     	;# 
   125  0187                     	;# 
   126  0188                     	;# 
   127  0189                     	;# 
   128  018C                     	;# 
   129  018D                     	;# 
   130  0000                     	;# 
   131  0001                     	;# 
   132  0002                     	;# 
   133  0003                     	;# 
   134  0004                     	;# 
   135  0005                     	;# 
   136  0006                     	;# 
   137  0007                     	;# 
   138  0008                     	;# 
   139  0009                     	;# 
   140  000A                     	;# 
   141  000B                     	;# 
   142  000C                     	;# 
   143  000D                     	;# 
   144  000E                     	;# 
   145  000E                     	;# 
   146  000F                     	;# 
   147  0010                     	;# 
   148  0011                     	;# 
   149  0012                     	;# 
   150  0013                     	;# 
   151  0014                     	;# 
   152  0015                     	;# 
   153  0015                     	;# 
   154  0016                     	;# 
   155  0017                     	;# 
   156  0018                     	;# 
   157  0019                     	;# 
   158  001A                     	;# 
   159  001B                     	;# 
   160  001B                     	;# 
   161  001C                     	;# 
   162  001D                     	;# 
   163  001E                     	;# 
   164  001F                     	;# 
   165  0081                     	;# 
   166  0085                     	;# 
   167  0086                     	;# 
   168  0087                     	;# 
   169  0088                     	;# 
   170  0089                     	;# 
   171  008C                     	;# 
   172  008D                     	;# 
   173  008E                     	;# 
   174  008F                     	;# 
   175  0090                     	;# 
   176  0091                     	;# 
   177  0092                     	;# 
   178  0093                     	;# 
   179  0093                     	;# 
   180  0093                     	;# 
   181  0094                     	;# 
   182  0095                     	;# 
   183  0096                     	;# 
   184  0097                     	;# 
   185  0098                     	;# 
   186  0099                     	;# 
   187  009A                     	;# 
   188  009B                     	;# 
   189  009C                     	;# 
   190  009D                     	;# 
   191  009E                     	;# 
   192  009F                     	;# 
   193  0105                     	;# 
   194  0107                     	;# 
   195  0108                     	;# 
   196  0109                     	;# 
   197  010C                     	;# 
   198  010C                     	;# 
   199  010D                     	;# 
   200  010E                     	;# 
   201  010F                     	;# 
   202  0185                     	;# 
   203  0187                     	;# 
   204  0188                     	;# 
   205  0189                     	;# 
   206  018C                     	;# 
   207  018D                     	;# 
   208  0000                     	;# 
   209  0001                     	;# 
   210  0002                     	;# 
   211  0003                     	;# 
   212  0004                     	;# 
   213  0005                     	;# 
   214  0006                     	;# 
   215  0007                     	;# 
   216  0008                     	;# 
   217  0009                     	;# 
   218  000A                     	;# 
   219  000B                     	;# 
   220  000C                     	;# 
   221  000D                     	;# 
   222  000E                     	;# 
   223  000E                     	;# 
   224  000F                     	;# 
   225  0010                     	;# 
   226  0011                     	;# 
   227  0012                     	;# 
   228  0013                     	;# 
   229  0014                     	;# 
   230  0015                     	;# 
   231  0015                     	;# 
   232  0016                     	;# 
   233  0017                     	;# 
   234  0018                     	;# 
   235  0019                     	;# 
   236  001A                     	;# 
   237  001B                     	;# 
   238  001B                     	;# 
   239  001C                     	;# 
   240  001D                     	;# 
   241  001E                     	;# 
   242  001F                     	;# 
   243  0081                     	;# 
   244  0085                     	;# 
   245  0086                     	;# 
   246  0087                     	;# 
   247  0088                     	;# 
   248  0089                     	;# 
   249  008C                     	;# 
   250  008D                     	;# 
   251  008E                     	;# 
   252  008F                     	;# 
   253  0090                     	;# 
   254  0091                     	;# 
   255  0092                     	;# 
   256  0093                     	;# 
   257  0093                     	;# 
   258  0093                     	;# 
   259  0094                     	;# 
   260  0095                     	;# 
   261  0096                     	;# 
   262  0097                     	;# 
   263  0098                     	;# 
   264  0099                     	;# 
   265  009A                     	;# 
   266  009B                     	;# 
   267  009C                     	;# 
   268  009D                     	;# 
   269  009E                     	;# 
   270  009F                     	;# 
   271  0105                     	;# 
   272  0107                     	;# 
   273  0108                     	;# 
   274  0109                     	;# 
   275  010C                     	;# 
   276  010C                     	;# 
   277  010D                     	;# 
   278  010E                     	;# 
   279  010F                     	;# 
   280  0185                     	;# 
   281  0187                     	;# 
   282  0188                     	;# 
   283  0189                     	;# 
   284  018C                     	;# 
   285  018D                     	;# 
   286  0014                     _SSPCON	set	20
   287  001F                     _ADCON0	set	31
   288  000B                     _INTCONbits	set	11
   289  0008                     _PORTD	set	8
   290  0006                     _PORTB	set	6
   291  0013                     _SSPBUF	set	19
   292  001F                     _ADCON0bits	set	31
   293  001E                     _ADRESH	set	30
   294  000C                     _PIR1bits	set	12
   295  0094                     _SSPSTAT	set	148
   296  0087                     _TRISCbits	set	135
   297  009F                     _ADCON1	set	159
   298  008C                     _PIE1bits	set	140
   299  0088                     _TRISD	set	136
   300  0085                     _TRISA	set	133
   301  0086                     _TRISB	set	134
   302  0094                     _SSPSTATbits	set	148
   303  0189                     _ANSELH	set	393
   304  0188                     _ANSEL	set	392
   305                           
   306                           	psect	cinit
   307  0013                     start_initialization:	
   308                           ; #config settings
   309                           
   310  0013                     __initialization:
   311                           
   312                           ; Clear objects allocated to COMMON
   313  0013  01F0               	clrf	__pbssCOMMON& (0+127)
   314  0014  01F1               	clrf	(__pbssCOMMON+1)& (0+127)
   315  0015  01F2               	clrf	(__pbssCOMMON+2)& (0+127)
   316  0016  01F3               	clrf	(__pbssCOMMON+3)& (0+127)
   317  0017  01F4               	clrf	(__pbssCOMMON+4)& (0+127)
   318  0018  01F5               	clrf	(__pbssCOMMON+5)& (0+127)
   319  0019  01F6               	clrf	(__pbssCOMMON+6)& (0+127)
   320                           
   321                           ; Clear objects allocated to BANK0
   322  001A  1283               	bcf	3,5	;RP0=0, select bank0
   323  001B  1303               	bcf	3,6	;RP1=0, select bank0
   324  001C  01A0               	clrf	__pbssBANK0& (0+127)
   325  001D  01A1               	clrf	(__pbssBANK0+1)& (0+127)
   326  001E  01A2               	clrf	(__pbssBANK0+2)& (0+127)
   327  001F  01A3               	clrf	(__pbssBANK0+3)& (0+127)
   328  0020  01A4               	clrf	(__pbssBANK0+4)& (0+127)
   329  0021  01A5               	clrf	(__pbssBANK0+5)& (0+127)
   330  0022                     end_of_initialization:	
   331                           ;End of C runtime variable initialization code
   332                           
   333  0022                     __end_of__initialization:
   334  0022  0183               	clrf	3
   335  0023  120A  118A  2826   	ljmp	_main	;jump to C main() function
   336                           
   337                           	psect	bssCOMMON
   338  0070                     __pbssCOMMON:
   339  0070                     _temperatura:
   340  0070                     	ds	2
   341  0072                     _elc:
   342  0072                     	ds	2
   343  0074                     _pruebab:
   344  0074                     	ds	2
   345  0076                     _divisor:
   346  0076                     	ds	1
   347                           
   348                           	psect	bssBANK0
   349  0020                     __pbssBANK0:
   350  0020                     _potem:
   351  0020                     	ds	4
   352  0024                     _pruebaxd:
   353  0024                     	ds	2
   354                           
   355                           	psect	cstackCOMMON
   356  0077                     __pcstackCOMMON:
   357  0077                     ?_setups3:
   358  0077                     ?_spis3:	
   359                           ; 1 bytes @ 0x0
   360                           
   361  0077                     ?_ADCONS3:	
   362                           ; 1 bytes @ 0x0
   363                           
   364  0077                     ?_intadc:	
   365                           ; 1 bytes @ 0x0
   366                           
   367  0077                     ??_intadc:	
   368                           ; 1 bytes @ 0x0
   369                           
   370  0077                     ?_main:	
   371                           ; 1 bytes @ 0x0
   372                           
   373                           
   374                           ; 1 bytes @ 0x0
   375  0077                     	ds	5
   376                           
   377                           	psect	cstackBANK0
   378  0026                     __pcstackBANK0:
   379  0026                     ??_setups3:
   380  0026                     ??_spis3:	
   381                           ; 1 bytes @ 0x0
   382                           
   383  0026                     ??_ADCONS3:	
   384                           ; 1 bytes @ 0x0
   385                           
   386  0026                     ??_main:	
   387                           ; 1 bytes @ 0x0
   388                           
   389                           
   390                           ; 1 bytes @ 0x0
   391  0026                     	ds	2
   392                           
   393                           	psect	maintext
   394  0026                     __pmaintext:	
   395 ;;
   396 ;;Main: autosize = 0, tempsize = 2, incstack = 0, save=0
   397 ;;
   398 ;; *************** function _main *****************
   399 ;; Defined at:
   400 ;;		line 41 in file "slave_3.c"
   401 ;; Parameters:    Size  Location     Type
   402 ;;		None
   403 ;; Auto vars:     Size  Location     Type
   404 ;;		None
   405 ;; Return value:  Size  Location     Type
   406 ;;                  1    wreg      void 
   407 ;; Registers used:
   408 ;;		wreg, status,2, status,0, pclath, cstack
   409 ;; Tracked objects:
   410 ;;		On entry : B00/0
   411 ;;		On exit  : 0/0
   412 ;;		Unchanged: 0/0
   413 ;; Data sizes:     COMMON   BANK0   BANK1   BANK3   BANK2
   414 ;;      Params:         0       0       0       0       0
   415 ;;      Locals:         0       0       0       0       0
   416 ;;      Temps:          0       2       0       0       0
   417 ;;      Totals:         0       2       0       0       0
   418 ;;Total ram usage:        2 bytes
   419 ;; Hardware stack levels required when called:    2
   420 ;; This function calls:
   421 ;;		_ADCONS3
   422 ;;		_setups3
   423 ;;		_spis3
   424 ;; This function is called by:
   425 ;;		Startup code after reset
   426 ;; This function uses a non-reentrant model
   427 ;;
   428                           
   429                           
   430                           ;psect for function _main
   431  0026                     _main:
   432  0026                     l789:	
   433                           ;incstack = 0
   434                           ; Regs used in _main: [wreg+status,2+status,0+pclath+cstack]
   435                           
   436                           
   437                           ;slave_3.c: 42:     setups3();
   438  0026  120A  118A  20C0  120A  118A  	fcall	_setups3
   439                           
   440                           ;slave_3.c: 43:     spis3();
   441  002B  120A  118A  20B0  120A  118A  	fcall	_spis3
   442  0030                     l791:
   443                           
   444                           ;slave_3.c: 44:     _delay((unsigned long)((40)*(8000000/4000000.0)));
   445  0030  3019               	movlw	25
   446  0031  1283               	bcf	3,5	;RP0=0, select bank0
   447  0032  1303               	bcf	3,6	;RP1=0, select bank0
   448  0033  00A6               	movwf	??_main
   449  0034                     u137:
   450  0034  0BA6               	decfsz	??_main,f
   451  0035  2834               	goto	u137
   452  0036  2837               	nop2
   453  0037                     l793:
   454                           
   455                           ;slave_3.c: 45:     ADCONS3();
   456  0037  120A  118A  20CE  120A  118A  	fcall	_ADCONS3
   457  003C                     l795:
   458                           
   459                           ;slave_3.c: 46:     TRISB = 0;
   460  003C  1683               	bsf	3,5	;RP0=1, select bank1
   461  003D  1303               	bcf	3,6	;RP1=0, select bank1
   462  003E  0186               	clrf	6	;volatile
   463  003F                     l797:
   464                           
   465                           ;slave_3.c: 47:     PORTB = 0;
   466  003F  1283               	bcf	3,5	;RP0=0, select bank0
   467  0040  1303               	bcf	3,6	;RP1=0, select bank0
   468  0041  0186               	clrf	6	;volatile
   469  0042                     l799:
   470                           
   471                           ;slave_3.c: 49:     ADCON0bits.GO_DONE = 1;
   472  0042  149F               	bsf	31,1	;volatile
   473  0043                     l49:	
   474                           ;slave_3.c: 50:     while (1) {
   475                           
   476                           
   477                           ;slave_3.c: 51:         PORTB = pruebab;
   478  0043  0874               	movf	_pruebab,w
   479  0044  0086               	movwf	6	;volatile
   480                           
   481                           ;slave_3.c: 52:         temperatura = (uint16_t) (divisor * 2);
   482  0045  0876               	movf	_divisor,w
   483  0046  00A6               	movwf	??_main
   484  0047  01A7               	clrf	??_main+1
   485  0048  1003               	clrc
   486  0049  0D26               	rlf	??_main,w
   487  004A  00F0               	movwf	_temperatura
   488  004B  0D27               	rlf	??_main+1,w
   489  004C  00F1               	movwf	_temperatura+1
   490                           
   491                           ;slave_3.c: 53:         if (temperatura < 25) {
   492  004D  3000               	movlw	0
   493  004E  0271               	subwf	_temperatura+1,w
   494  004F  3019               	movlw	25
   495  0050  1903               	skipnz
   496  0051  0270               	subwf	_temperatura,w
   497  0052  1803               	skipnc
   498  0053  2855               	goto	u101
   499  0054  2856               	goto	u100
   500  0055                     u101:
   501  0055  2859               	goto	l803
   502  0056                     u100:
   503  0056                     l801:
   504                           
   505                           ;slave_3.c: 54:             PORTD = 0b00000001;
   506  0056  3001               	movlw	1
   507  0057  0088               	movwf	8	;volatile
   508                           
   509                           ;slave_3.c: 55:         } else if ((temperatura >= 25) && (temperatura <= 36)) {
   510  0058  2843               	goto	l49
   511  0059                     l803:
   512  0059  3000               	movlw	0
   513  005A  0271               	subwf	_temperatura+1,w
   514  005B  3019               	movlw	25
   515  005C  1903               	skipnz
   516  005D  0270               	subwf	_temperatura,w
   517  005E  1C03               	skipc
   518  005F  2861               	goto	u111
   519  0060  2862               	goto	u110
   520  0061                     u111:
   521  0061  286E               	goto	l809
   522  0062                     u110:
   523  0062                     l805:
   524  0062  3000               	movlw	0
   525  0063  0271               	subwf	_temperatura+1,w
   526  0064  3025               	movlw	37
   527  0065  1903               	skipnz
   528  0066  0270               	subwf	_temperatura,w
   529  0067  1803               	skipnc
   530  0068  286A               	goto	u121
   531  0069  286B               	goto	u120
   532  006A                     u121:
   533  006A  286E               	goto	l809
   534  006B                     u120:
   535  006B                     l807:
   536                           
   537                           ;slave_3.c: 56:             PORTD = 0b00000011;
   538  006B  3003               	movlw	3
   539  006C  0088               	movwf	8	;volatile
   540                           
   541                           ;slave_3.c: 57:         } else {
   542  006D  2843               	goto	l49
   543  006E                     l809:
   544                           
   545                           ;slave_3.c: 58:             PORTD = 0b00000111;
   546  006E  3007               	movlw	7
   547  006F  0088               	movwf	8	;volatile
   548  0070  2843               	goto	l49
   549  0071  120A  118A  2810   	ljmp	start
   550  0074                     __end_of_main:
   551                           
   552                           	psect	text1
   553  00B0                     __ptext1:	
   554 ;; *************** function _spis3 *****************
   555 ;; Defined at:
   556 ;;		line 43 in file "CONFS3.c"
   557 ;; Parameters:    Size  Location     Type
   558 ;;		None
   559 ;; Auto vars:     Size  Location     Type
   560 ;;		None
   561 ;; Return value:  Size  Location     Type
   562 ;;                  1    wreg      void 
   563 ;; Registers used:
   564 ;;		wreg, status,2
   565 ;; Tracked objects:
   566 ;;		On entry : 0/0
   567 ;;		On exit  : 0/0
   568 ;;		Unchanged: 0/0
   569 ;; Data sizes:     COMMON   BANK0   BANK1   BANK3   BANK2
   570 ;;      Params:         0       0       0       0       0
   571 ;;      Locals:         0       0       0       0       0
   572 ;;      Temps:          0       0       0       0       0
   573 ;;      Totals:         0       0       0       0       0
   574 ;;Total ram usage:        0 bytes
   575 ;; Hardware stack levels used:    1
   576 ;; Hardware stack levels required when called:    1
   577 ;; This function calls:
   578 ;;		Nothing
   579 ;; This function is called by:
   580 ;;		_main
   581 ;; This function uses a non-reentrant model
   582 ;;
   583                           
   584                           
   585                           ;psect for function _spis3
   586  00B0                     _spis3:
   587  00B0                     l773:	
   588                           ;incstack = 0
   589                           ; Regs used in _spis3: [wreg+status,2]
   590                           
   591  00B0  1683               	bsf	3,5	;RP0=1, select bank1
   592  00B1  1303               	bcf	3,6	;RP1=0, select bank1
   593  00B2  1587               	bsf	7,3	;volatile
   594  00B3  1687               	bsf	7,5	;volatile
   595  00B4                     l775:
   596  00B4  3024               	movlw	36
   597  00B5  1283               	bcf	3,5	;RP0=0, select bank0
   598  00B6  1303               	bcf	3,6	;RP1=0, select bank0
   599  00B7  0094               	movwf	20	;volatile
   600  00B8                     l777:
   601  00B8  1683               	bsf	3,5	;RP0=1, select bank1
   602  00B9  1303               	bcf	3,6	;RP1=0, select bank1
   603  00BA  0194               	clrf	20	;volatile
   604  00BB                     l779:
   605  00BB  158C               	bsf	12,3	;volatile
   606  00BC                     l781:
   607  00BC  1283               	bcf	3,5	;RP0=0, select bank0
   608  00BD  1303               	bcf	3,6	;RP1=0, select bank0
   609  00BE  118C               	bcf	12,3	;volatile
   610  00BF                     l91:
   611  00BF  0008               	return
   612  00C0                     __end_of_spis3:
   613                           
   614                           	psect	text2
   615  00C0                     __ptext2:	
   616 ;; *************** function _setups3 *****************
   617 ;; Defined at:
   618 ;;		line 26 in file "CONFS3.c"
   619 ;; Parameters:    Size  Location     Type
   620 ;;		None
   621 ;; Auto vars:     Size  Location     Type
   622 ;;		None
   623 ;; Return value:  Size  Location     Type
   624 ;;                  1    wreg      void 
   625 ;; Registers used:
   626 ;;		wreg, status,2
   627 ;; Tracked objects:
   628 ;;		On entry : 0/0
   629 ;;		On exit  : 0/0
   630 ;;		Unchanged: 0/0
   631 ;; Data sizes:     COMMON   BANK0   BANK1   BANK3   BANK2
   632 ;;      Params:         0       0       0       0       0
   633 ;;      Locals:         0       0       0       0       0
   634 ;;      Temps:          0       0       0       0       0
   635 ;;      Totals:         0       0       0       0       0
   636 ;;Total ram usage:        0 bytes
   637 ;; Hardware stack levels used:    1
   638 ;; Hardware stack levels required when called:    1
   639 ;; This function calls:
   640 ;;		Nothing
   641 ;; This function is called by:
   642 ;;		_main
   643 ;; This function uses a non-reentrant model
   644 ;;
   645                           
   646                           
   647                           ;psect for function _setups3
   648  00C0                     _setups3:
   649  00C0                     l767:	
   650                           ;incstack = 0
   651                           ; Regs used in _setups3: [wreg+status,2]
   652                           
   653                           
   654                           ;CONFS3.c: 27: }
   655  00C0  3003               	movlw	3
   656  00C1  1683               	bsf	3,5	;RP0=1, select bank3
   657  00C2  1703               	bsf	3,6	;RP1=1, select bank3
   658  00C3  0088               	movwf	8	;volatile
   659  00C4                     l769:
   660  00C4  0189               	clrf	9	;volatile
   661  00C5                     l771:
   662  00C5  3021               	movlw	33
   663  00C6  1683               	bsf	3,5	;RP0=1, select bank1
   664  00C7  1303               	bcf	3,6	;RP1=0, select bank1
   665  00C8  0085               	movwf	5	;volatile
   666  00C9  0188               	clrf	8	;volatile
   667  00CA  1283               	bcf	3,5	;RP0=0, select bank0
   668  00CB  1303               	bcf	3,6	;RP1=0, select bank0
   669  00CC  0188               	clrf	8	;volatile
   670  00CD                     l85:
   671  00CD  0008               	return
   672  00CE                     __end_of_setups3:
   673                           
   674                           	psect	text3
   675  00CE                     __ptext3:	
   676 ;; *************** function _ADCONS3 *****************
   677 ;; Defined at:
   678 ;;		line 34 in file "CONFS3.c"
   679 ;; Parameters:    Size  Location     Type
   680 ;;		None
   681 ;; Auto vars:     Size  Location     Type
   682 ;;		None
   683 ;; Return value:  Size  Location     Type
   684 ;;                  1    wreg      void 
   685 ;; Registers used:
   686 ;;		wreg, status,2
   687 ;; Tracked objects:
   688 ;;		On entry : 0/0
   689 ;;		On exit  : 0/0
   690 ;;		Unchanged: 0/0
   691 ;; Data sizes:     COMMON   BANK0   BANK1   BANK3   BANK2
   692 ;;      Params:         0       0       0       0       0
   693 ;;      Locals:         0       0       0       0       0
   694 ;;      Temps:          0       0       0       0       0
   695 ;;      Totals:         0       0       0       0       0
   696 ;;Total ram usage:        0 bytes
   697 ;; Hardware stack levels used:    1
   698 ;; Hardware stack levels required when called:    1
   699 ;; This function calls:
   700 ;;		Nothing
   701 ;; This function is called by:
   702 ;;		_main
   703 ;; This function uses a non-reentrant model
   704 ;;
   705                           
   706                           
   707                           ;psect for function _ADCONS3
   708  00CE                     _ADCONS3:
   709  00CE                     l783:	
   710                           ;incstack = 0
   711                           ; Regs used in _ADCONS3: [wreg+status,2]
   712                           
   713  00CE  178B               	bsf	11,7	;volatile
   714  00CF  170B               	bsf	11,6	;volatile
   715  00D0  1683               	bsf	3,5	;RP0=1, select bank1
   716  00D1  1303               	bcf	3,6	;RP1=0, select bank1
   717  00D2  168C               	bsf	12,5	;volatile
   718  00D3  170C               	bsf	12,6	;volatile
   719  00D4                     l785:
   720  00D4  3081               	movlw	129
   721  00D5  1283               	bcf	3,5	;RP0=0, select bank0
   722  00D6  1303               	bcf	3,6	;RP1=0, select bank0
   723  00D7  009F               	movwf	31	;volatile
   724  00D8                     l787:
   725  00D8  1683               	bsf	3,5	;RP0=1, select bank1
   726  00D9  1303               	bcf	3,6	;RP1=0, select bank1
   727  00DA  019F               	clrf	31	;volatile
   728  00DB                     l88:
   729  00DB  0008               	return
   730  00DC                     __end_of_ADCONS3:
   731                           
   732                           	psect	text4
   733  0074                     __ptext4:	
   734 ;; *************** function _intadc *****************
   735 ;; Defined at:
   736 ;;		line 21 in file "slave_3.c"
   737 ;; Parameters:    Size  Location     Type
   738 ;;		None
   739 ;; Auto vars:     Size  Location     Type
   740 ;;		None
   741 ;; Return value:  Size  Location     Type
   742 ;;                  1    wreg      void 
   743 ;; Registers used:
   744 ;;		wreg, btemp+1
   745 ;; Tracked objects:
   746 ;;		On entry : 0/0
   747 ;;		On exit  : 0/0
   748 ;;		Unchanged: 0/0
   749 ;; Data sizes:     COMMON   BANK0   BANK1   BANK3   BANK2
   750 ;;      Params:         0       0       0       0       0
   751 ;;      Locals:         0       0       0       0       0
   752 ;;      Temps:          5       0       0       0       0
   753 ;;      Totals:         5       0       0       0       0
   754 ;;Total ram usage:        5 bytes
   755 ;; Hardware stack levels used:    1
   756 ;; This function calls:
   757 ;;		Nothing
   758 ;; This function is called by:
   759 ;;		Interrupt level 1
   760 ;; This function uses a non-reentrant model
   761 ;;
   762                           
   763                           
   764                           ;psect for function _intadc
   765  0074                     _intadc:
   766  0074                     i1l747:
   767                           
   768                           ;slave_3.c: 22:     if (PIR1bits.ADIF == 1) {
   769  0074  1F0C               	btfss	12,6	;volatile
   770  0075  2877               	goto	u7_21
   771  0076  2878               	goto	u7_20
   772  0077                     u7_21:
   773  0077  2890               	goto	i1l759
   774  0078                     u7_20:
   775  0078                     i1l749:
   776                           
   777                           ;slave_3.c: 23:         divisor = ADRESH;
   778  0078  081E               	movf	30,w	;volatile
   779  0079  00FF               	movwf	btemp+1
   780  007A  087F               	movf	btemp+1,w
   781  007B  00F6               	movwf	_divisor
   782  007C                     i1l751:
   783                           
   784                           ;slave_3.c: 24:         pruebab = ADRESH;
   785  007C  081E               	movf	30,w	;volatile
   786  007D  00F7               	movwf	??_intadc
   787  007E  01F8               	clrf	??_intadc+1
   788  007F  0877               	movf	??_intadc,w
   789  0080  00F4               	movwf	_pruebab
   790  0081  0878               	movf	??_intadc+1,w
   791  0082  00F5               	movwf	_pruebab+1
   792  0083                     i1l753:
   793                           
   794                           ;slave_3.c: 25:         _delay((unsigned long)((1)*(8000000/4000.0)));
   795  0083  3003               	movlw	3
   796  0084  00F8               	movwf	??_intadc+1
   797  0085  3097               	movlw	151
   798  0086  00F7               	movwf	??_intadc
   799  0087                     u14_27:
   800  0087  0BF7               	decfsz	??_intadc,f
   801  0088  2887               	goto	u14_27
   802  0089  0BF8               	decfsz	??_intadc+1,f
   803  008A  2887               	goto	u14_27
   804  008B  288C               	nop2
   805  008C                     i1l755:
   806                           
   807                           ;slave_3.c: 26:         PIR1bits.ADIF = 0;
   808  008C  1283               	bcf	3,5	;RP0=0, select bank0
   809  008D  1303               	bcf	3,6	;RP1=0, select bank0
   810  008E  130C               	bcf	12,6	;volatile
   811  008F                     i1l757:
   812                           
   813                           ;slave_3.c: 27:         ADCON0bits.GO_DONE = 1;
   814  008F  149F               	bsf	31,1	;volatile
   815  0090                     i1l759:
   816                           
   817                           ;slave_3.c: 29:     if (PIR1bits.SSPIF) {
   818  0090  1D8C               	btfss	12,3	;volatile
   819  0091  2893               	goto	u8_21
   820  0092  2894               	goto	u8_20
   821  0093                     u8_21:
   822  0093  28A7               	goto	i1l44
   823  0094                     u8_20:
   824  0094                     i1l761:
   825                           
   826                           ;slave_3.c: 30:         if (SSPSTATbits.BF) {
   827  0094  1683               	bsf	3,5	;RP0=1, select bank1
   828  0095  1303               	bcf	3,6	;RP1=0, select bank1
   829  0096  1C14               	btfss	20,0	;volatile
   830  0097  2899               	goto	u9_21
   831  0098  289A               	goto	u9_20
   832  0099                     u9_21:
   833  0099  28A3               	goto	i1l43
   834  009A                     u9_20:
   835  009A                     i1l763:
   836                           
   837                           ;slave_3.c: 31:             pruebaxd = SSPBUF;
   838  009A  1283               	bcf	3,5	;RP0=0, select bank0
   839  009B  1303               	bcf	3,6	;RP1=0, select bank0
   840  009C  0813               	movf	19,w	;volatile
   841  009D  00F7               	movwf	??_intadc
   842  009E  01F8               	clrf	??_intadc+1
   843  009F  0877               	movf	??_intadc,w
   844  00A0  00A4               	movwf	_pruebaxd
   845  00A1  0878               	movf	??_intadc+1,w
   846  00A2  00A5               	movwf	_pruebaxd+1
   847  00A3                     i1l43:	
   848                           ;slave_3.c: 32:         }
   849                           
   850                           
   851                           ;slave_3.c: 33:         SSPBUF = divisor;
   852  00A3  0876               	movf	_divisor,w
   853  00A4  1283               	bcf	3,5	;RP0=0, select bank0
   854  00A5  0093               	movwf	19	;volatile
   855  00A6                     i1l765:
   856                           
   857                           ;slave_3.c: 34:         PIR1bits.SSPIF = 0;
   858  00A6  118C               	bcf	12,3	;volatile
   859  00A7                     i1l44:
   860  00A7  087B               	movf	??_intadc+4,w
   861  00A8  00FF               	movwf	btemp+1
   862  00A9  087A               	movf	??_intadc+3,w
   863  00AA  008A               	movwf	10
   864  00AB  0E79               	swapf	(??_intadc+2)^(0+4294967168),w
   865  00AC  0083               	movwf	3
   866  00AD  0EFE               	swapf	btemp,f
   867  00AE  0E7E               	swapf	btemp,w
   868  00AF  0009               	retfie
   869  00B0                     __end_of_intadc:
   870  007E                     btemp	set	126	;btemp
   871  007E                     wtemp0	set	126
   872                           
   873                           	psect	intentry
   874  0004                     __pintentry:	
   875                           ;incstack = 0
   876                           ; Regs used in _intadc: [wreg+btemp+1]
   877                           
   878  0004                     interrupt_function:
   879  007E                     saved_w	set	btemp
   880  0004  00FE               	movwf	btemp
   881  0005  0E03               	swapf	3,w
   882  0006  00F9               	movwf	??_intadc+2
   883  0007  080A               	movf	10,w
   884  0008  00FA               	movwf	??_intadc+3
   885  0009  1283               	bcf	3,5	;RP0=0, select bank0
   886  000A  1303               	bcf	3,6	;RP1=0, select bank0
   887  000B  087F               	movf	btemp+1,w
   888  000C  00FB               	movwf	??_intadc+4
   889  000D  120A  118A  2874   	ljmp	_intadc
   890                           
   891                           	psect	config
   892                           
   893                           ;Config register CONFIG1 @ 0x2007
   894                           ;	Oscillator Selection bits
   895                           ;	FOSC = EXTRC_CLKOUT, RC oscillator: CLKOUT function on RA6/OSC2/CLKOUT pin, RC on RA7/
      +                          OSC1/CLKIN
   896                           ;	Watchdog Timer Enable bit
   897                           ;	WDTE = OFF, WDT disabled and can be enabled by SWDTEN bit of the WDTCON register
   898                           ;	Power-up Timer Enable bit
   899                           ;	PWRTE = OFF, PWRT disabled
   900                           ;	RE3/MCLR pin function select bit
   901                           ;	MCLRE = OFF, RE3/MCLR pin function is digital input, MCLR internally tied to VDD
   902                           ;	Code Protection bit
   903                           ;	CP = OFF, Program memory code protection is disabled
   904                           ;	Data Code Protection bit
   905                           ;	CPD = OFF, Data memory code protection is disabled
   906                           ;	Brown Out Reset Selection bits
   907                           ;	BOREN = ON, BOR enabled
   908                           ;	Internal External Switchover bit
   909                           ;	IESO = OFF, Internal/External Switchover mode is disabled
   910                           ;	Fail-Safe Clock Monitor Enabled bit
   911                           ;	FCMEN = OFF, Fail-Safe Clock Monitor is disabled
   912                           ;	Low Voltage Programming Enable bit
   913                           ;	LVP = OFF, RB3 pin has digital I/O, HV on MCLR must be used for programming
   914                           ;	In-Circuit Debugger Mode bit
   915                           ;	DEBUG = 0x1, unprogrammed default
   916  2007                     	org	8199
   917  2007  23D7               	dw	9175
   918                           
   919                           ;Config register CONFIG2 @ 0x2008
   920                           ;	Brown-out Reset Selection bit
   921                           ;	BOR4V = BOR40V, Brown-out Reset set to 4.0V
   922                           ;	Flash Program Memory Self Write Enable bits
   923                           ;	WRT = OFF, Write protection off
   924  2008                     	org	8200
   925  2008  3FFF               	dw	16383

Data Sizes:
    Strings     0
    Constant    0
    Data        0
    BSS         13
    Persistent  0
    Stack       0

Auto Spaces:
    Space          Size  Autos    Used
    COMMON           14      5      12
    BANK0            80      2       8
    BANK1            80      0       0
    BANK3            96      0       0
    BANK2            96      0       0

Pointer List with Targets:

    None.

Critical Paths under _main in COMMON

    None.

Critical Paths under _intadc in COMMON

    None.

Critical Paths under _main in BANK0

    None.

Critical Paths under _intadc in BANK0

    None.

Critical Paths under _main in BANK1

    None.

Critical Paths under _intadc in BANK1

    None.

Critical Paths under _main in BANK3

    None.

Critical Paths under _intadc in BANK3

    None.

Critical Paths under _main in BANK2

    None.

Critical Paths under _intadc in BANK2

    None.

Call Graph Tables:

 ---------------------------------------------------------------------------------
 (Depth) Function   	        Calls       Base Space   Used Autos Params    Refs
 ---------------------------------------------------------------------------------
 (0) _main                                                 2     2      0       0
                                              0 BANK0      2     2      0
                            _ADCONS3
                            _setups3
                              _spis3
 ---------------------------------------------------------------------------------
 (1) _spis3                                                0     0      0       0
 ---------------------------------------------------------------------------------
 (1) _setups3                                              0     0      0       0
 ---------------------------------------------------------------------------------
 (1) _ADCONS3                                              0     0      0       0
 ---------------------------------------------------------------------------------
 Estimated maximum stack depth 1
 ---------------------------------------------------------------------------------
 (Depth) Function   	        Calls       Base Space   Used Autos Params    Refs
 ---------------------------------------------------------------------------------
 (2) _intadc                                               5     5      0       0
                                              0 COMMON     5     5      0
 ---------------------------------------------------------------------------------
 Estimated maximum stack depth 2
 ---------------------------------------------------------------------------------

 Call Graph Graphs:

 _main (ROOT)
   _ADCONS3
   _setups3
   _spis3

 _intadc (ROOT)

 Address spaces:
Name               Size   Autos  Total    Cost      Usage
BITCOMMON            E      0       0       0        0.0%
EEDATA             100      0       0       0        0.0%
NULL                 0      0       0       0        0.0%
CODE                 0      0       0       0        0.0%
COMMON               E      5       C       1       85.7%
BITSFR0              0      0       0       1        0.0%
SFR0                 0      0       0       1        0.0%
BITSFR1              0      0       0       2        0.0%
SFR1                 0      0       0       2        0.0%
STACK                0      0       0       2        0.0%
ABS                  0      0      14       3        0.0%
BITBANK0            50      0       0       4        0.0%
BITSFR3              0      0       0       4        0.0%
SFR3                 0      0       0       4        0.0%
BANK0               50      2       8       5       10.0%
BITSFR2              0      0       0       5        0.0%
SFR2                 0      0       0       5        0.0%
BITBANK1            50      0       0       6        0.0%
BANK1               50      0       0       7        0.0%
BITBANK3            60      0       0       8        0.0%
BANK3               60      0       0       9        0.0%
BITBANK2            60      0       0      10        0.0%
BANK2               60      0       0      11        0.0%
DATA                 0      0      14      12        0.0%


Microchip Technology PIC Macro Assembler V2.20 build 20200408173844 
Symbol Table                                                                                   Wed Feb 24 23:02:26 2021

            _SSPSTATbits 0094                       l49 0043                       l91 00BF  
                     l85 00CD                       l88 00DB                      l801 0056  
                    l803 0059                      l805 0062                      l807 006B  
                    l809 006E                      l771 00C5                      l781 00BC  
                    l773 00B0                      l783 00CE                      l767 00C0  
                    l775 00B4                      l791 0030                      l785 00D4  
                    l769 00C4                      l777 00B8                      l793 0037  
                    l787 00D8                      l779 00BB                      l795 003C  
                    l797 003F                      l789 0026                      l799 0042  
                    u100 0056                      u101 0055                      u110 0062  
                    u111 0061                      u120 006B                      u121 006A  
                    u137 0034          __end_of_ADCONS3 00DC                      _elc 0072  
                   i1l43 00A3                     i1l44 00A7                     u7_20 0078  
                   u7_21 0077                     u8_20 0094                     u8_21 0093  
                   u9_20 009A                     u9_21 0099                     _main 0026  
                   btemp 007E                     start 0010                    ?_main 0077  
                  _ANSEL 0188                    i1l751 007C                    i1l761 0094  
                  i1l753 0083                    i1l763 009A                    i1l755 008C  
                  i1l747 0074                    i1l765 00A6                    i1l757 008F  
                  i1l749 0078                    i1l759 0090                    u14_27 0087  
                  _PORTB 0006                    _PORTD 0008                    _TRISA 0085  
                  _TRISB 0086                    _TRISD 0088                    _spis3 00B0  
                  _potem 0020                    pclath 000A          __end_of_setups3 00CE  
                  status 0003                    wtemp0 007E          __initialization 0013  
           __end_of_main 0074                ??_ADCONS3 0026                   ??_main 0026  
                 _ADCON0 001F                   _ADCON1 009F                   _ADRESH 001E  
                 ?_spis3 0077                   _ANSELH 0189                   _SSPBUF 0013  
                 _SSPCON 0014                   _intadc 0074                   saved_w 007E  
              ??_setups3 0026  __end_of__initialization 0022           __pcstackCOMMON 0077  
          __end_of_spis3 00C0                  ??_spis3 0026               __pbssBANK0 0020  
             __pmaintext 0026               __pintentry 0004                  _ADCONS3 00CE  
                ?_intadc 0077                  _SSPSTAT 0094          __size_of_intadc 003C  
                __ptext1 00B0                  __ptext2 00C0                  __ptext3 00CE  
                __ptext4 0074                  _divisor 0076                  _setups3 00C0  
                _pruebab 0074     end_of_initialization 0022                _TRISCbits 0087  
         __end_of_intadc 00B0      start_initialization 0013                 ?_ADCONS3 0077  
               ??_intadc 0077              __pbssCOMMON 0070                ___latbits 0002  
          __pcstackBANK0 0026                 ?_setups3 0077           __size_of_spis3 0010  
      interrupt_function 0004                 _PIE1bits 008C                 _PIR1bits 000C  
       __size_of_ADCONS3 000E               _ADCON0bits 001F         __size_of_setups3 000E  
          __size_of_main 004E                 _pruebaxd 0024               _INTCONbits 000B  
               intlevel1 0000              _temperatura 0070  
