

Microchip MPLAB XC8 Assembler V2.20 build 20200408173844 
                                                                                               Wed Feb 24 23:39:55 2021

Microchip MPLAB XC8 C Compiler v2.20 (Free license) build 20200408173844 Og1 
     1                           	processor	16F887
     2                           	pagewidth 120
     3                           	opt	flic
     4                           	psect	cinit,global,class=CODE,merge=1,delta=2
     5                           	psect	bssCOMMON,global,class=COMMON,space=1,delta=1,noexec
     6                           	psect	cstackCOMMON,global,class=COMMON,space=1,delta=1,noexec
     7                           	psect	maintext,global,class=CODE,split=1,delta=2
     8                           	psect	text1,local,class=CODE,merge=1,delta=2
     9                           	psect	text2,local,class=CODE,merge=1,delta=2
    10                           	psect	text3,local,class=CODE,merge=1,delta=2
    11                           	psect	text4,local,class=CODE,merge=1,delta=2
    12                           	psect	intentry,global,class=CODE,delta=2
    13                           	psect	config,global,abs,ovrld,class=CONFIG,space=4,delta=2,noexec
    14                           	dabs	1,0x7E,2
    15  0000                     
    16                           ; Version 2.20
    17                           ; Generated 12/02/2020 GMT
    18                           ; 
    19                           ; Copyright © 2020, Microchip Technology Inc. and its subsidiaries ("Microchip")
    20                           ; All rights reserved.
    21                           ; 
    22                           ; This software is developed by Microchip Technology Inc. and its subsidiaries ("Microch
      +                          ip").
    23                           ; 
    24                           ; Redistribution and use in source and binary forms, with or without modification, are
    25                           ; permitted provided that the following conditions are met:
    26                           ; 
    27                           ;     1. Redistributions of source code must retain the above copyright notice, this lis
      +                          t of
    28                           ;        conditions and the following disclaimer.
    29                           ; 
    30                           ;     2. Redistributions in binary form must reproduce the above copyright notice, this 
      +                          list
    31                           ;        of conditions and the following disclaimer in the documentation and/or other
    32                           ;        materials provided with the distribution.
    33                           ; 
    34                           ;     3. Microchip's name may not be used to endorse or promote products derived from th
      +                          is
    35                           ;        software without specific prior written permission.
    36                           ; 
    37                           ; THIS SOFTWARE IS PROVIDED BY MICROCHIP "AS IS" AND ANY EXPRESS OR IMPLIED WARRANTIES,
    38                           ; INCLUDING, BUT NOT LIMITED TO, THE IMPLIED WARRANTIES OF MERCHANTABILITY AND FITNESS F
      +                          OR
    39                           ; PURPOSE ARE DISCLAIMED.  IN NO EVENT SHALL MICROCHIP BE LIABLE FOR ANY DIRECT, INDIREC
      +                          T,
    40                           ; INCIDENTAL, SPECIAL, EXEMPLARY, OR CONSEQUENTIAL DAMAGES (INCLUDING BUT NOT LIMITED TO
    41                           ; PROCUREMENT OF SUBSTITUTE GOODS OR SERVICES; LOSS OF USE, DATA OR PROFITS; OR BUSINESS
    42                           ; INTERRUPTION) HOWSOEVER CAUSED AND ON ANY THEORY OF LIABILITY, WHETHER IN CONTRACT, ST
      +                          RICT
    43                           ; LIABILITY, OR TORT (INCLUDING NEGLIGENCE OR OTHERWISE) ARISING IN ANY WAY OUT OF THE U
      +                          SE OF
    44                           ; THIS SOFTWARE, EVEN IF ADVISED OF THE POSSIBILITY OF SUCH DAMAGE.
    45                           ; 
    46                           ; 
    47                           ; Code-generator required, PIC16F887 Definitions
    48                           ; 
    49                           ; SFR Addresses
    50  0000                     	;# 
    51  0001                     	;# 
    52  0002                     	;# 
    53  0003                     	;# 
    54  0004                     	;# 
    55  0005                     	;# 
    56  0006                     	;# 
    57  0007                     	;# 
    58  0008                     	;# 
    59  0009                     	;# 
    60  000A                     	;# 
    61  000B                     	;# 
    62  000C                     	;# 
    63  000D                     	;# 
    64  000E                     	;# 
    65  000E                     	;# 
    66  000F                     	;# 
    67  0010                     	;# 
    68  0011                     	;# 
    69  0012                     	;# 
    70  0013                     	;# 
    71  0014                     	;# 
    72  0015                     	;# 
    73  0015                     	;# 
    74  0016                     	;# 
    75  0017                     	;# 
    76  0018                     	;# 
    77  0019                     	;# 
    78  001A                     	;# 
    79  001B                     	;# 
    80  001B                     	;# 
    81  001C                     	;# 
    82  001D                     	;# 
    83  001E                     	;# 
    84  001F                     	;# 
    85  0081                     	;# 
    86  0085                     	;# 
    87  0086                     	;# 
    88  0087                     	;# 
    89  0088                     	;# 
    90  0089                     	;# 
    91  008C                     	;# 
    92  008D                     	;# 
    93  008E                     	;# 
    94  008F                     	;# 
    95  0090                     	;# 
    96  0091                     	;# 
    97  0092                     	;# 
    98  0093                     	;# 
    99  0093                     	;# 
   100  0093                     	;# 
   101  0094                     	;# 
   102  0095                     	;# 
   103  0096                     	;# 
   104  0097                     	;# 
   105  0098                     	;# 
   106  0099                     	;# 
   107  009A                     	;# 
   108  009B                     	;# 
   109  009C                     	;# 
   110  009D                     	;# 
   111  009E                     	;# 
   112  009F                     	;# 
   113  0105                     	;# 
   114  0107                     	;# 
   115  0108                     	;# 
   116  0109                     	;# 
   117  010C                     	;# 
   118  010C                     	;# 
   119  010D                     	;# 
   120  010E                     	;# 
   121  010F                     	;# 
   122  0185                     	;# 
   123  0187                     	;# 
   124  0188                     	;# 
   125  0189                     	;# 
   126  018C                     	;# 
   127  018D                     	;# 
   128  0000                     	;# 
   129  0001                     	;# 
   130  0002                     	;# 
   131  0003                     	;# 
   132  0004                     	;# 
   133  0005                     	;# 
   134  0006                     	;# 
   135  0007                     	;# 
   136  0008                     	;# 
   137  0009                     	;# 
   138  000A                     	;# 
   139  000B                     	;# 
   140  000C                     	;# 
   141  000D                     	;# 
   142  000E                     	;# 
   143  000E                     	;# 
   144  000F                     	;# 
   145  0010                     	;# 
   146  0011                     	;# 
   147  0012                     	;# 
   148  0013                     	;# 
   149  0014                     	;# 
   150  0015                     	;# 
   151  0015                     	;# 
   152  0016                     	;# 
   153  0017                     	;# 
   154  0018                     	;# 
   155  0019                     	;# 
   156  001A                     	;# 
   157  001B                     	;# 
   158  001B                     	;# 
   159  001C                     	;# 
   160  001D                     	;# 
   161  001E                     	;# 
   162  001F                     	;# 
   163  0081                     	;# 
   164  0085                     	;# 
   165  0086                     	;# 
   166  0087                     	;# 
   167  0088                     	;# 
   168  0089                     	;# 
   169  008C                     	;# 
   170  008D                     	;# 
   171  008E                     	;# 
   172  008F                     	;# 
   173  0090                     	;# 
   174  0091                     	;# 
   175  0092                     	;# 
   176  0093                     	;# 
   177  0093                     	;# 
   178  0093                     	;# 
   179  0094                     	;# 
   180  0095                     	;# 
   181  0096                     	;# 
   182  0097                     	;# 
   183  0098                     	;# 
   184  0099                     	;# 
   185  009A                     	;# 
   186  009B                     	;# 
   187  009C                     	;# 
   188  009D                     	;# 
   189  009E                     	;# 
   190  009F                     	;# 
   191  0105                     	;# 
   192  0107                     	;# 
   193  0108                     	;# 
   194  0109                     	;# 
   195  010C                     	;# 
   196  010C                     	;# 
   197  010D                     	;# 
   198  010E                     	;# 
   199  010F                     	;# 
   200  0185                     	;# 
   201  0187                     	;# 
   202  0188                     	;# 
   203  0189                     	;# 
   204  018C                     	;# 
   205  018D                     	;# 
   206  0000                     	;# 
   207  0001                     	;# 
   208  0002                     	;# 
   209  0003                     	;# 
   210  0004                     	;# 
   211  0005                     	;# 
   212  0006                     	;# 
   213  0007                     	;# 
   214  0008                     	;# 
   215  0009                     	;# 
   216  000A                     	;# 
   217  000B                     	;# 
   218  000C                     	;# 
   219  000D                     	;# 
   220  000E                     	;# 
   221  000E                     	;# 
   222  000F                     	;# 
   223  0010                     	;# 
   224  0011                     	;# 
   225  0012                     	;# 
   226  0013                     	;# 
   227  0014                     	;# 
   228  0015                     	;# 
   229  0015                     	;# 
   230  0016                     	;# 
   231  0017                     	;# 
   232  0018                     	;# 
   233  0019                     	;# 
   234  001A                     	;# 
   235  001B                     	;# 
   236  001B                     	;# 
   237  001C                     	;# 
   238  001D                     	;# 
   239  001E                     	;# 
   240  001F                     	;# 
   241  0081                     	;# 
   242  0085                     	;# 
   243  0086                     	;# 
   244  0087                     	;# 
   245  0088                     	;# 
   246  0089                     	;# 
   247  008C                     	;# 
   248  008D                     	;# 
   249  008E                     	;# 
   250  008F                     	;# 
   251  0090                     	;# 
   252  0091                     	;# 
   253  0092                     	;# 
   254  0093                     	;# 
   255  0093                     	;# 
   256  0093                     	;# 
   257  0094                     	;# 
   258  0095                     	;# 
   259  0096                     	;# 
   260  0097                     	;# 
   261  0098                     	;# 
   262  0099                     	;# 
   263  009A                     	;# 
   264  009B                     	;# 
   265  009C                     	;# 
   266  009D                     	;# 
   267  009E                     	;# 
   268  009F                     	;# 
   269  0105                     	;# 
   270  0107                     	;# 
   271  0108                     	;# 
   272  0109                     	;# 
   273  010C                     	;# 
   274  010C                     	;# 
   275  010D                     	;# 
   276  010E                     	;# 
   277  010F                     	;# 
   278  0185                     	;# 
   279  0187                     	;# 
   280  0188                     	;# 
   281  0189                     	;# 
   282  018C                     	;# 
   283  018D                     	;# 
   284  0014                     _SSPCON	set	20
   285  0007                     _PORTC	set	7
   286  0009                     _PORTE	set	9
   287  0006                     _PORTB	set	6
   288  0005                     _PORTA	set	5
   289  0008                     _PORTD	set	8
   290  0013                     _SSPBUF	set	19
   291  000C                     _PIR1bits	set	12
   292  000B                     _INTCONbits	set	11
   293  0030                     _RB0	set	48
   294  0031                     _RB1	set	49
   295  008C                     _PIE1bits	set	140
   296  0094                     _SSPSTAT	set	148
   297  0085                     _TRISAbits	set	133
   298  0087                     _TRISCbits	set	135
   299  0096                     _IOCBbits	set	150
   300  0087                     _TRISC	set	135
   301  0089                     _TRISE	set	137
   302  0088                     _TRISD	set	136
   303  0086                     _TRISB	set	134
   304  0085                     _TRISA	set	133
   305  0094                     _SSPSTATbits	set	148
   306  0189                     _ANSELH	set	393
   307  0188                     _ANSEL	set	392
   308                           
   309                           	psect	cinit
   310  0013                     start_initialization:	
   311                           ; #config settings
   312                           
   313  0013                     __initialization:
   314                           
   315                           ; Clear objects allocated to COMMON
   316  0013  01F5               	clrf	__pbssCOMMON& (0+127)
   317  0014  01F6               	clrf	(__pbssCOMMON+1)& (0+127)
   318  0015  01F7               	clrf	(__pbssCOMMON+2)& (0+127)
   319  0016                     end_of_initialization:	
   320                           ;End of C runtime variable initialization code
   321                           
   322  0016                     __end_of__initialization:
   323  0016  0183               	clrf	3
   324  0017  120A  118A  2872   	ljmp	_main	;jump to C main() function
   325                           
   326                           	psect	bssCOMMON
   327  0075                     __pbssCOMMON:
   328  0075                     _elc:
   329  0075                     	ds	2
   330  0077                     _CONTL:
   331  0077                     	ds	1
   332                           
   333                           	psect	cstackCOMMON
   334  0070                     __pcstackCOMMON:
   335  0070                     ?_confi:
   336  0070                     ?_spis2:	
   337                           ; 1 bytes @ 0x0
   338                           
   339  0070                     ?_int_portb:	
   340                           ; 1 bytes @ 0x0
   341                           
   342  0070                     ?_intpb:	
   343                           ; 1 bytes @ 0x0
   344                           
   345  0070                     ??_intpb:	
   346                           ; 1 bytes @ 0x0
   347                           
   348  0070                     ?_main:	
   349                           ; 1 bytes @ 0x0
   350                           
   351                           
   352                           ; 1 bytes @ 0x0
   353  0070                     	ds	5
   354  0075                     ??_confi:
   355  0075                     ??_spis2:	
   356                           ; 1 bytes @ 0x5
   357                           
   358  0075                     ??_int_portb:	
   359                           ; 1 bytes @ 0x5
   360                           
   361  0075                     ??_main:	
   362                           ; 1 bytes @ 0x5
   363                           
   364                           
   365                           	psect	maintext
   366  0072                     __pmaintext:	
   367                           ; 1 bytes @ 0x5
   368 ;;
   369 ;;Main: autosize = 0, tempsize = 0, incstack = 0, save=0
   370 ;;
   371 ;; *************** function _main *****************
   372 ;; Defined at:
   373 ;;		line 37 in file "slave_2.c"
   374 ;; Parameters:    Size  Location     Type
   375 ;;		None
   376 ;; Auto vars:     Size  Location     Type
   377 ;;		None
   378 ;; Return value:  Size  Location     Type
   379 ;;                  1    wreg      void 
   380 ;; Registers used:
   381 ;;		wreg, status,2, status,0, pclath, cstack
   382 ;; Tracked objects:
   383 ;;		On entry : B00/0
   384 ;;		On exit  : 0/0
   385 ;;		Unchanged: 0/0
   386 ;; Data sizes:     COMMON   BANK0   BANK1   BANK3   BANK2
   387 ;;      Params:         0       0       0       0       0
   388 ;;      Locals:         0       0       0       0       0
   389 ;;      Temps:          0       0       0       0       0
   390 ;;      Totals:         0       0       0       0       0
   391 ;;Total ram usage:        0 bytes
   392 ;; Hardware stack levels required when called:    2
   393 ;; This function calls:
   394 ;;		_confi
   395 ;;		_int_portb
   396 ;;		_spis2
   397 ;; This function is called by:
   398 ;;		Startup code after reset
   399 ;; This function uses a non-reentrant model
   400 ;;
   401                           
   402                           
   403                           ;psect for function _main
   404  0072                     _main:
   405  0072                     l732:	
   406                           ;incstack = 0
   407                           ; Regs used in _main: [wreg+status,2+status,0+pclath+cstack]
   408                           
   409                           
   410                           ;slave_2.c: 38:     confi();
   411  0072  120A  118A  204E  120A  118A  	fcall	_confi
   412                           
   413                           ;slave_2.c: 39:     spis2();
   414  0077  120A  118A  2089  120A  118A  	fcall	_spis2
   415  007C                     l734:
   416                           
   417                           ;slave_2.c: 40:     int_portb();
   418  007C  120A  118A  209C  120A  118A  	fcall	_int_portb
   419  0081                     l40:	
   420                           ;slave_2.c: 41:     while (1) {
   421                           
   422                           
   423                           ;slave_2.c: 42:         PORTD = CONTL;
   424  0081  0877               	movf	_CONTL,w
   425  0082  1283               	bcf	3,5	;RP0=0, select bank0
   426  0083  1303               	bcf	3,6	;RP1=0, select bank0
   427  0084  0088               	movwf	8	;volatile
   428  0085  2881               	goto	l40
   429  0086  120A  118A  2810   	ljmp	start
   430  0089                     __end_of_main:
   431                           
   432                           	psect	text1
   433  0089                     __ptext1:	
   434 ;; *************** function _spis2 *****************
   435 ;; Defined at:
   436 ;;		line 29 in file "configurator.c"
   437 ;; Parameters:    Size  Location     Type
   438 ;;		None
   439 ;; Auto vars:     Size  Location     Type
   440 ;;		None
   441 ;; Return value:  Size  Location     Type
   442 ;;                  1    wreg      void 
   443 ;; Registers used:
   444 ;;		wreg, status,2
   445 ;; Tracked objects:
   446 ;;		On entry : 0/0
   447 ;;		On exit  : 0/0
   448 ;;		Unchanged: 0/0
   449 ;; Data sizes:     COMMON   BANK0   BANK1   BANK3   BANK2
   450 ;;      Params:         0       0       0       0       0
   451 ;;      Locals:         0       0       0       0       0
   452 ;;      Temps:          0       0       0       0       0
   453 ;;      Totals:         0       0       0       0       0
   454 ;;Total ram usage:        0 bytes
   455 ;; Hardware stack levels used:    1
   456 ;; Hardware stack levels required when called:    1
   457 ;; This function calls:
   458 ;;		Nothing
   459 ;; This function is called by:
   460 ;;		_main
   461 ;; This function uses a non-reentrant model
   462 ;;
   463                           
   464                           
   465                           ;psect for function _spis2
   466  0089                     _spis2:
   467  0089                     l702:	
   468                           ;incstack = 0
   469                           ; Regs used in _spis2: [wreg+status,2]
   470                           
   471                           
   472                           ;configurator.c: 30:     TRISCbits.TRISC3 = 1;
   473  0089  1683               	bsf	3,5	;RP0=1, select bank1
   474  008A  1303               	bcf	3,6	;RP1=0, select bank1
   475  008B  1587               	bsf	7,3	;volatile
   476                           
   477                           ;configurator.c: 31:     TRISCbits.TRISC5 = 0;
   478  008C  1287               	bcf	7,5	;volatile
   479                           
   480                           ;configurator.c: 32:     TRISAbits.TRISA5 = 1;
   481  008D  1685               	bsf	5,5	;volatile
   482  008E                     l704:
   483                           
   484                           ;configurator.c: 33:     SSPCON = 0b00100100;
   485  008E  3024               	movlw	36
   486  008F  1283               	bcf	3,5	;RP0=0, select bank0
   487  0090  1303               	bcf	3,6	;RP1=0, select bank0
   488  0091  0094               	movwf	20	;volatile
   489  0092                     l706:
   490                           
   491                           ;configurator.c: 34:     SSPSTAT = 0;
   492  0092  1683               	bsf	3,5	;RP0=1, select bank1
   493  0093  1303               	bcf	3,6	;RP1=0, select bank1
   494  0094  0194               	clrf	20	;volatile
   495  0095                     l708:
   496                           
   497                           ;configurator.c: 35:     PIR1bits.SSPIF = 0;
   498  0095  1283               	bcf	3,5	;RP0=0, select bank0
   499  0096  1303               	bcf	3,6	;RP1=0, select bank0
   500  0097  118C               	bcf	12,3	;volatile
   501  0098                     l710:
   502                           
   503                           ;configurator.c: 36:     PIE1bits.SSPIE = 1;
   504  0098  1683               	bsf	3,5	;RP0=1, select bank1
   505  0099  1303               	bcf	3,6	;RP1=0, select bank1
   506  009A  158C               	bsf	12,3	;volatile
   507  009B                     l92:
   508  009B  0008               	return
   509  009C                     __end_of_spis2:
   510                           
   511                           	psect	text2
   512  009C                     __ptext2:	
   513 ;; *************** function _int_portb *****************
   514 ;; Defined at:
   515 ;;		line 19 in file "configurator.c"
   516 ;; Parameters:    Size  Location     Type
   517 ;;		None
   518 ;; Auto vars:     Size  Location     Type
   519 ;;		None
   520 ;; Return value:  Size  Location     Type
   521 ;;                  1    wreg      void 
   522 ;; Registers used:
   523 ;;		None
   524 ;; Tracked objects:
   525 ;;		On entry : 0/0
   526 ;;		On exit  : 0/0
   527 ;;		Unchanged: 0/0
   528 ;; Data sizes:     COMMON   BANK0   BANK1   BANK3   BANK2
   529 ;;      Params:         0       0       0       0       0
   530 ;;      Locals:         0       0       0       0       0
   531 ;;      Temps:          0       0       0       0       0
   532 ;;      Totals:         0       0       0       0       0
   533 ;;Total ram usage:        0 bytes
   534 ;; Hardware stack levels used:    1
   535 ;; Hardware stack levels required when called:    1
   536 ;; This function calls:
   537 ;;		Nothing
   538 ;; This function is called by:
   539 ;;		_main
   540 ;; This function uses a non-reentrant model
   541 ;;
   542                           
   543                           
   544                           ;psect for function _int_portb
   545  009C                     _int_portb:
   546  009C                     l712:	
   547                           ;incstack = 0
   548                           ; Regs used in _int_portb: []
   549                           
   550                           
   551                           ;configurator.c: 21:     INTCONbits.GIE = 1;
   552  009C  178B               	bsf	11,7	;volatile
   553                           
   554                           ;configurator.c: 22:     INTCONbits.RBIE = 1;
   555  009D  158B               	bsf	11,3	;volatile
   556                           
   557                           ;configurator.c: 23:     INTCONbits.RBIF = 0;
   558  009E  100B               	bcf	11,0	;volatile
   559                           
   560                           ;configurator.c: 24:     INTCONbits.PEIE = 1;
   561  009F  170B               	bsf	11,6	;volatile
   562                           
   563                           ;configurator.c: 25:     IOCBbits.IOCB0 = 1;
   564  00A0  1683               	bsf	3,5	;RP0=1, select bank1
   565  00A1  1303               	bcf	3,6	;RP1=0, select bank1
   566  00A2  1416               	bsf	22,0	;volatile
   567                           
   568                           ;configurator.c: 26:     IOCBbits.IOCB1 = 1;
   569  00A3  1496               	bsf	22,1	;volatile
   570  00A4                     l89:
   571  00A4  0008               	return
   572  00A5                     __end_of_int_portb:
   573                           
   574                           	psect	text3
   575  004E                     __ptext3:	
   576 ;; *************** function _confi *****************
   577 ;; Defined at:
   578 ;;		line 3 in file "configurator.c"
   579 ;; Parameters:    Size  Location     Type
   580 ;;		None
   581 ;; Auto vars:     Size  Location     Type
   582 ;;		None
   583 ;; Return value:  Size  Location     Type
   584 ;;                  1    wreg      void 
   585 ;; Registers used:
   586 ;;		wreg, status,2
   587 ;; Tracked objects:
   588 ;;		On entry : 0/0
   589 ;;		On exit  : 0/0
   590 ;;		Unchanged: 0/0
   591 ;; Data sizes:     COMMON   BANK0   BANK1   BANK3   BANK2
   592 ;;      Params:         0       0       0       0       0
   593 ;;      Locals:         0       0       0       0       0
   594 ;;      Temps:          0       0       0       0       0
   595 ;;      Totals:         0       0       0       0       0
   596 ;;Total ram usage:        0 bytes
   597 ;; Hardware stack levels used:    1
   598 ;; Hardware stack levels required when called:    1
   599 ;; This function calls:
   600 ;;		Nothing
   601 ;; This function is called by:
   602 ;;		_main
   603 ;; This function uses a non-reentrant model
   604 ;;
   605                           
   606                           
   607                           ;psect for function _confi
   608  004E                     _confi:
   609  004E                     l684:	
   610                           ;incstack = 0
   611                           ; Regs used in _confi: [wreg+status,2]
   612                           
   613                           
   614                           ;configurator.c: 4:     ANSEL = 0;
   615  004E  1683               	bsf	3,5	;RP0=1, select bank3
   616  004F  1703               	bsf	3,6	;RP1=1, select bank3
   617  0050  0188               	clrf	8	;volatile
   618                           
   619                           ;configurator.c: 5:     ANSELH = 0;
   620  0051  0189               	clrf	9	;volatile
   621                           
   622                           ;configurator.c: 6:     TRISA = 0;
   623  0052  1683               	bsf	3,5	;RP0=1, select bank1
   624  0053  1303               	bcf	3,6	;RP1=0, select bank1
   625  0054  0185               	clrf	5	;volatile
   626                           
   627                           ;configurator.c: 7:     PORTA = 0;
   628  0055  1283               	bcf	3,5	;RP0=0, select bank0
   629  0056  1303               	bcf	3,6	;RP1=0, select bank0
   630  0057  0185               	clrf	5	;volatile
   631  0058                     l686:
   632                           
   633                           ;configurator.c: 8:     TRISB = 0b00000011;
   634  0058  3003               	movlw	3
   635  0059  1683               	bsf	3,5	;RP0=1, select bank1
   636  005A  1303               	bcf	3,6	;RP1=0, select bank1
   637  005B  0086               	movwf	6	;volatile
   638  005C                     l688:
   639                           
   640                           ;configurator.c: 9:     PORTB = 0;
   641  005C  1283               	bcf	3,5	;RP0=0, select bank0
   642  005D  1303               	bcf	3,6	;RP1=0, select bank0
   643  005E  0186               	clrf	6	;volatile
   644  005F                     l690:
   645                           
   646                           ;configurator.c: 10:     TRISD = 0;
   647  005F  1683               	bsf	3,5	;RP0=1, select bank1
   648  0060  1303               	bcf	3,6	;RP1=0, select bank1
   649  0061  0188               	clrf	8	;volatile
   650  0062                     l692:
   651                           
   652                           ;configurator.c: 11:     PORTD = 0;
   653  0062  1283               	bcf	3,5	;RP0=0, select bank0
   654  0063  1303               	bcf	3,6	;RP1=0, select bank0
   655  0064  0188               	clrf	8	;volatile
   656  0065                     l694:
   657                           
   658                           ;configurator.c: 12:     TRISE = 0;
   659  0065  1683               	bsf	3,5	;RP0=1, select bank1
   660  0066  1303               	bcf	3,6	;RP1=0, select bank1
   661  0067  0189               	clrf	9	;volatile
   662  0068                     l696:
   663                           
   664                           ;configurator.c: 13:     PORTE = 0;
   665  0068  1283               	bcf	3,5	;RP0=0, select bank0
   666  0069  1303               	bcf	3,6	;RP1=0, select bank0
   667  006A  0189               	clrf	9	;volatile
   668  006B                     l698:
   669                           
   670                           ;configurator.c: 14:     TRISC = 0;
   671  006B  1683               	bsf	3,5	;RP0=1, select bank1
   672  006C  1303               	bcf	3,6	;RP1=0, select bank1
   673  006D  0187               	clrf	7	;volatile
   674  006E                     l700:
   675                           
   676                           ;configurator.c: 15:     PORTC = 0;
   677  006E  1283               	bcf	3,5	;RP0=0, select bank0
   678  006F  1303               	bcf	3,6	;RP1=0, select bank0
   679  0070  0187               	clrf	7	;volatile
   680  0071                     l86:
   681  0071  0008               	return
   682  0072                     __end_of_confi:
   683                           
   684                           	psect	text4
   685  001A                     __ptext4:	
   686 ;; *************** function _intpb *****************
   687 ;; Defined at:
   688 ;;		line 15 in file "slave_2.c"
   689 ;; Parameters:    Size  Location     Type
   690 ;;		None
   691 ;; Auto vars:     Size  Location     Type
   692 ;;		None
   693 ;; Return value:  Size  Location     Type
   694 ;;                  1    wreg      void 
   695 ;; Registers used:
   696 ;;		wreg, status,2, status,0, btemp+1
   697 ;; Tracked objects:
   698 ;;		On entry : 0/0
   699 ;;		On exit  : 0/0
   700 ;;		Unchanged: 0/0
   701 ;; Data sizes:     COMMON   BANK0   BANK1   BANK3   BANK2
   702 ;;      Params:         0       0       0       0       0
   703 ;;      Locals:         0       0       0       0       0
   704 ;;      Temps:          5       0       0       0       0
   705 ;;      Totals:         5       0       0       0       0
   706 ;;Total ram usage:        5 bytes
   707 ;; Hardware stack levels used:    1
   708 ;; This function calls:
   709 ;;		Nothing
   710 ;; This function is called by:
   711 ;;		Interrupt level 1
   712 ;; This function uses a non-reentrant model
   713 ;;
   714                           
   715                           
   716                           ;psect for function _intpb
   717  001A                     _intpb:
   718  001A                     i1l714:
   719                           
   720                           ;slave_2.c: 16:     if (INTCONbits.RBIF == 1) {
   721  001A  1C0B               	btfss	11,0	;volatile
   722  001B  281D               	goto	u1_21
   723  001C  281E               	goto	u1_20
   724  001D                     u1_21:
   725  001D  282E               	goto	i1l724
   726  001E                     u1_20:
   727  001E                     i1l716:
   728                           
   729                           ;slave_2.c: 18:         if (RB1 == 1) {
   730  001E  1C86               	btfss	6,1	;volatile
   731  001F  2821               	goto	u2_21
   732  0020  2822               	goto	u2_20
   733  0021                     u2_21:
   734  0021  2825               	goto	i1l30
   735  0022                     u2_20:
   736  0022                     i1l718:
   737                           
   738                           ;slave_2.c: 19:             CONTL--;
   739  0022  3001               	movlw	1
   740  0023  02F7               	subwf	_CONTL,f
   741                           
   742                           ;slave_2.c: 20:         } else if (RB0 == 1) {
   743  0024  282D               	goto	i1l722
   744  0025                     i1l30:
   745  0025  1C06               	btfss	6,0	;volatile
   746  0026  2828               	goto	u3_21
   747  0027  2829               	goto	u3_20
   748  0028                     u3_21:
   749  0028  282D               	goto	i1l722
   750  0029                     u3_20:
   751  0029                     i1l720:
   752                           
   753                           ;slave_2.c: 21:             CONTL++;
   754  0029  3001               	movlw	1
   755  002A  00FF               	movwf	btemp+1
   756  002B  087F               	movf	btemp+1,w
   757  002C  07F7               	addwf	_CONTL,f
   758  002D                     i1l722:
   759                           
   760                           ;slave_2.c: 23:         INTCONbits.RBIF = 0;
   761  002D  100B               	bcf	11,0	;volatile
   762  002E                     i1l724:
   763                           
   764                           ;slave_2.c: 26:     if (PIR1bits.SSPIF) {
   765  002E  1D8C               	btfss	12,3	;volatile
   766  002F  2831               	goto	u4_21
   767  0030  2832               	goto	u4_20
   768  0031                     u4_21:
   769  0031  2845               	goto	i1l35
   770  0032                     u4_20:
   771  0032                     i1l726:
   772                           
   773                           ;slave_2.c: 27:         if (SSPSTATbits.BF) {
   774  0032  1683               	bsf	3,5	;RP0=1, select bank1
   775  0033  1303               	bcf	3,6	;RP1=0, select bank1
   776  0034  1C14               	btfss	20,0	;volatile
   777  0035  2837               	goto	u5_21
   778  0036  2838               	goto	u5_20
   779  0037                     u5_21:
   780  0037  2841               	goto	i1l34
   781  0038                     u5_20:
   782  0038                     i1l728:
   783                           
   784                           ;slave_2.c: 28:             elc = SSPBUF;
   785  0038  1283               	bcf	3,5	;RP0=0, select bank0
   786  0039  1303               	bcf	3,6	;RP1=0, select bank0
   787  003A  0813               	movf	19,w	;volatile
   788  003B  00F0               	movwf	??_intpb
   789  003C  01F1               	clrf	??_intpb+1
   790  003D  0870               	movf	??_intpb,w
   791  003E  00F5               	movwf	_elc
   792  003F  0871               	movf	??_intpb+1,w
   793  0040  00F6               	movwf	_elc+1
   794  0041                     i1l34:	
   795                           ;slave_2.c: 29:         }
   796                           
   797                           
   798                           ;slave_2.c: 31:         SSPBUF = CONTL;
   799  0041  0877               	movf	_CONTL,w
   800  0042  1283               	bcf	3,5	;RP0=0, select bank0
   801  0043  0093               	movwf	19	;volatile
   802  0044                     i1l730:
   803                           
   804                           ;slave_2.c: 32:         PIR1bits.SSPIF = 0;
   805  0044  118C               	bcf	12,3	;volatile
   806  0045                     i1l35:
   807  0045  0874               	movf	??_intpb+4,w
   808  0046  00FF               	movwf	btemp+1
   809  0047  0873               	movf	??_intpb+3,w
   810  0048  008A               	movwf	10
   811  0049  0E72               	swapf	(??_intpb+2)^(0+4294967168),w
   812  004A  0083               	movwf	3
   813  004B  0EFE               	swapf	btemp,f
   814  004C  0E7E               	swapf	btemp,w
   815  004D  0009               	retfie
   816  004E                     __end_of_intpb:
   817  007E                     btemp	set	126	;btemp
   818  007E                     wtemp0	set	126
   819                           
   820                           	psect	intentry
   821  0004                     __pintentry:	
   822                           ;incstack = 0
   823                           ; Regs used in _intpb: [wreg+status,2+status,0+btemp+1]
   824                           
   825  0004                     interrupt_function:
   826  007E                     saved_w	set	btemp
   827  0004  00FE               	movwf	btemp
   828  0005  0E03               	swapf	3,w
   829  0006  00F2               	movwf	??_intpb+2
   830  0007  080A               	movf	10,w
   831  0008  00F3               	movwf	??_intpb+3
   832  0009  1283               	bcf	3,5	;RP0=0, select bank0
   833  000A  1303               	bcf	3,6	;RP1=0, select bank0
   834  000B  087F               	movf	btemp+1,w
   835  000C  00F4               	movwf	??_intpb+4
   836  000D  120A  118A  281A   	ljmp	_intpb
   837                           
   838                           	psect	config
   839                           
   840                           ;Config register CONFIG1 @ 0x2007
   841                           ;	Oscillator Selection bits
   842                           ;	FOSC = EXTRC_CLKOUT, RC oscillator: CLKOUT function on RA6/OSC2/CLKOUT pin, RC on RA7/
      +                          OSC1/CLKIN
   843                           ;	Watchdog Timer Enable bit
   844                           ;	WDTE = OFF, WDT disabled and can be enabled by SWDTEN bit of the WDTCON register
   845                           ;	Power-up Timer Enable bit
   846                           ;	PWRTE = OFF, PWRT disabled
   847                           ;	RE3/MCLR pin function select bit
   848                           ;	MCLRE = OFF, RE3/MCLR pin function is digital input, MCLR internally tied to VDD
   849                           ;	Code Protection bit
   850                           ;	CP = OFF, Program memory code protection is disabled
   851                           ;	Data Code Protection bit
   852                           ;	CPD = OFF, Data memory code protection is disabled
   853                           ;	Brown Out Reset Selection bits
   854                           ;	BOREN = ON, BOR enabled
   855                           ;	Internal External Switchover bit
   856                           ;	IESO = OFF, Internal/External Switchover mode is disabled
   857                           ;	Fail-Safe Clock Monitor Enabled bit
   858                           ;	FCMEN = OFF, Fail-Safe Clock Monitor is disabled
   859                           ;	Low Voltage Programming Enable bit
   860                           ;	LVP = OFF, RB3 pin has digital I/O, HV on MCLR must be used for programming
   861                           ;	In-Circuit Debugger Mode bit
   862                           ;	DEBUG = 0x1, unprogrammed default
   863  2007                     	org	8199
   864  2007  23D7               	dw	9175
   865                           
   866                           ;Config register CONFIG2 @ 0x2008
   867                           ;	Brown-out Reset Selection bit
   868                           ;	BOR4V = BOR40V, Brown-out Reset set to 4.0V
   869                           ;	Flash Program Memory Self Write Enable bits
   870                           ;	WRT = OFF, Write protection off
   871  2008                     	org	8200
   872  2008  3FFF               	dw	16383

Data Sizes:
    Strings     0
    Constant    0
    Data        0
    BSS         3
    Persistent  0
    Stack       0

Auto Spaces:
    Space          Size  Autos    Used
    COMMON           14      5       8
    BANK0            80      0       0
    BANK1            80      0       0
    BANK3            96      0       0
    BANK2            96      0       0

Pointer List with Targets:

    None.

Critical Paths under _main in COMMON

    None.

Critical Paths under _intpb in COMMON

    None.

Critical Paths under _main in BANK0

    None.

Critical Paths under _intpb in BANK0

    None.

Critical Paths under _main in BANK1

    None.

Critical Paths under _intpb in BANK1

    None.

Critical Paths under _main in BANK3

    None.

Critical Paths under _intpb in BANK3

    None.

Critical Paths under _main in BANK2

    None.

Critical Paths under _intpb in BANK2

    None.

Call Graph Tables:

 ---------------------------------------------------------------------------------
 (Depth) Function   	        Calls       Base Space   Used Autos Params    Refs
 ---------------------------------------------------------------------------------
 (0) _main                                                 0     0      0       0
                              _confi
                          _int_portb
                              _spis2
 ---------------------------------------------------------------------------------
 (1) _spis2                                                0     0      0       0
 ---------------------------------------------------------------------------------
 (1) _int_portb                                            0     0      0       0
 ---------------------------------------------------------------------------------
 (1) _confi                                                0     0      0       0
 ---------------------------------------------------------------------------------
 Estimated maximum stack depth 1
 ---------------------------------------------------------------------------------
 (Depth) Function   	        Calls       Base Space   Used Autos Params    Refs
 ---------------------------------------------------------------------------------
 (2) _intpb                                                5     5      0       0
                                              0 COMMON     5     5      0
 ---------------------------------------------------------------------------------
 Estimated maximum stack depth 2
 ---------------------------------------------------------------------------------

 Call Graph Graphs:

 _main (ROOT)
   _confi
   _int_portb
   _spis2

 _intpb (ROOT)

 Address spaces:
Name               Size   Autos  Total    Cost      Usage
BITCOMMON            E      0       0       0        0.0%
EEDATA             100      0       0       0        0.0%
NULL                 0      0       0       0        0.0%
CODE                 0      0       0       0        0.0%
COMMON               E      5       8       1       57.1%
BITSFR0              0      0       0       1        0.0%
SFR0                 0      0       0       1        0.0%
BITSFR1              0      0       0       2        0.0%
SFR1                 0      0       0       2        0.0%
STACK                0      0       0       2        0.0%
ABS                  0      0       8       3        0.0%
BITBANK0            50      0       0       4        0.0%
BITSFR3              0      0       0       4        0.0%
SFR3                 0      0       0       4        0.0%
BANK0               50      0       0       5        0.0%
BITSFR2              0      0       0       5        0.0%
SFR2                 0      0       0       5        0.0%
BITBANK1            50      0       0       6        0.0%
BANK1               50      0       0       7        0.0%
BITBANK3            60      0       0       8        0.0%
BANK3               60      0       0       9        0.0%
BITBANK2            60      0       0      10        0.0%
BANK2               60      0       0      11        0.0%
DATA                 0      0       8      12        0.0%


Microchip Technology PIC Macro Assembler V2.20 build 20200408173844 
Symbol Table                                                                                   Wed Feb 24 23:39:55 2021

            _SSPSTATbits 0094                       l40 0081                       l92 009B  
                     l86 0071                       l89 00A4                      l700 006E  
                    l710 0098                      l702 0089                      l712 009C  
                    l704 008E                      l706 0092                      l708 0095  
                    l732 0072                      l734 007C                      l690 005F  
                    l692 0062                      l684 004E                      l694 0065  
                    l686 0058                      l696 0068                      l688 005C  
                    l698 006B                      _RB0 0030                      _RB1 0031  
                    _elc 0075                     i1l30 0025                     i1l34 0041  
                   i1l35 0045                     u1_20 001E                     u1_21 001D  
                   u2_20 0022                     u2_21 0021                     u3_20 0029  
                   u3_21 0028                     u4_20 0032                     u4_21 0031  
                   u5_20 0038                     u5_21 0037                     _main 0072  
                   btemp 007E                     start 0010                    ?_main 0070  
                  _ANSEL 0188                    _CONTL 0077                    i1l720 0029  
                  i1l730 0044                    i1l722 002D                    i1l714 001A  
                  i1l716 001E                    i1l724 002E                    i1l726 0032  
                  i1l718 0022                    i1l728 0038                    _PORTA 0005  
                  _PORTB 0006                    _PORTC 0007                    _PORTD 0008  
                  _PORTE 0009                    _TRISA 0085                    _TRISB 0086  
                  _TRISC 0087                    _TRISD 0088                    _TRISE 0089  
                  _confi 004E                    _intpb 001A                    _spis2 0089  
                  pclath 000A                    status 0003                    wtemp0 007E  
        __initialization 0013             __end_of_main 0089                   ??_main 0075  
                 ?_confi 0070                   ?_intpb 0070                   ?_spis2 0070  
                 _ANSELH 0189                   _SSPBUF 0013                   _SSPCON 0014  
                 saved_w 007E  __end_of__initialization 0016           __pcstackCOMMON 0070  
          __end_of_confi 0072            __end_of_intpb 004E            __end_of_spis2 009C  
                ??_confi 0075                  ??_intpb 0070                  ??_spis2 0075  
     __size_of_int_portb 0009               __pmaintext 0072               __pintentry 0004  
                _SSPSTAT 0094                  __ptext1 0089                  __ptext2 009C  
                __ptext3 004E                  __ptext4 001A        __end_of_int_portb 00A5  
   end_of_initialization 0016                _TRISAbits 0085                _TRISCbits 0087  
    start_initialization 0013              __pbssCOMMON 0075                ___latbits 0002  
         __size_of_confi 0024           __size_of_intpb 0034           __size_of_spis2 0013  
              _int_portb 009C        interrupt_function 0004                 _IOCBbits 0096  
               _PIE1bits 008C                 _PIR1bits 000C               ?_int_portb 0070  
          __size_of_main 0017               _INTCONbits 000B                 intlevel1 0000  
            ??_int_portb 0075  
